#! /usr/bin/vvp
:ivl_version "12.0 (stable)";
:ivl_delay_selection "TYPICAL";
:vpi_time_precision - 12;
:vpi_module "/usr/lib/x86_64-linux-gnu/ivl/system.vpi";
:vpi_module "/usr/lib/x86_64-linux-gnu/ivl/vhdl_sys.vpi";
:vpi_module "/usr/lib/x86_64-linux-gnu/ivl/vhdl_textio.vpi";
:vpi_module "/usr/lib/x86_64-linux-gnu/ivl/v2005_math.vpi";
:vpi_module "/usr/lib/x86_64-linux-gnu/ivl/va_math.vpi";
S_0x562d6fb0f210 .scope module, "tb_uart" "tb_uart" 2 110;
 .timescale -9 -9;
v0x562d6fb66d70_0 .var "clk", 0 0;
v0x562d6fb66e80_0 .var "datain", 7 0;
v0x562d6fb66f90_0 .var "enable", 0 0;
v0x562d6fb67080_0 .var "rst", 0 0;
v0x562d6fb67170_0 .net "serial_tx", 0 0, v0x562d6fb667e0_0;  1 drivers
S_0x562d6fb0f3a0 .scope module, "dut" "top_uart" 2 117, 2 28 0, S_0x562d6fb0f210;
 .timescale -9 -12;
    .port_info 0 /INPUT 1 "clk";
    .port_info 1 /INPUT 1 "rst";
    .port_info 2 /INPUT 1 "enable";
    .port_info 3 /INPUT 8 "datain";
    .port_info 4 /OUTPUT 1 "serial_tx";
v0x562d6fb66940_0 .net "clk", 0 0, v0x562d6fb66d70_0;  1 drivers
v0x562d6fb66a00_0 .net "datain", 7 0, v0x562d6fb66e80_0;  1 drivers
v0x562d6fb66ad0_0 .net "enable", 0 0, v0x562d6fb66f90_0;  1 drivers
v0x562d6fb66bd0_0 .net "rst", 0 0, v0x562d6fb67080_0;  1 drivers
v0x562d6fb66ca0_0 .net "serial_tx", 0 0, v0x562d6fb667e0_0;  alias, 1 drivers
S_0x562d6fb48c40 .scope module, "uart_tx" "transmitter" 2 36, 2 45 0, S_0x562d6fb0f3a0;
 .timescale -9 -12;
    .port_info 0 /INPUT 1 "clk";
    .port_info 1 /INPUT 1 "rst";
    .port_info 2 /INPUT 1 "enable";
    .port_info 3 /INPUT 8 "data";
    .port_info 4 /OUTPUT 1 "tx";
P_0x562d6fb48e20 .param/l "BAUD_COUNT" 1 2 58, C4<10100010110001>;
v0x562d6fb48ef0_0 .var "bit_counter", 3 0;
v0x562d6fb661e0_0 .net "clk", 0 0, v0x562d6fb66d70_0;  alias, 1 drivers
v0x562d6fb662a0_0 .var "counter", 13 0;
v0x562d6fb66390_0 .net "data", 7 0, v0x562d6fb66e80_0;  alias, 1 drivers
v0x562d6fb66470_0 .net "enable", 0 0, v0x562d6fb66f90_0;  alias, 1 drivers
v0x562d6fb66580_0 .net "rst", 0 0, v0x562d6fb67080_0;  alias, 1 drivers
v0x562d6fb66640_0 .var "shift_reg", 9 0;
v0x562d6fb66720_0 .var "state", 0 0;
v0x562d6fb667e0_0 .var "tx", 0 0;
E_0x562d6fb50ba0 .event posedge, v0x562d6fb661e0_0;
    .scope S_0x562d6fb48c40;
T_0 ;
    %wait E_0x562d6fb50ba0;
    %load/vec4 v0x562d6fb66580_0;
    %flag_set/vec4 8;
    %jmp/0xz  T_0.0, 8;
    %pushi/vec4 0, 0, 1;
    %assign/vec4 v0x562d6fb66720_0, 0;
    %pushi/vec4 0, 0, 14;
    %assign/vec4 v0x562d6fb662a0_0, 0;
    %pushi/vec4 0, 0, 4;
    %assign/vec4 v0x562d6fb48ef0_0, 0;
    %pushi/vec4 1023, 0, 10;
    %assign/vec4 v0x562d6fb66640_0, 0;
    %pushi/vec4 1, 0, 1;
    %assign/vec4 v0x562d6fb667e0_0, 0;
    %jmp T_0.1;
T_0.0 ;
    %load/vec4 v0x562d6fb66720_0;
    %dup/vec4;
    %pushi/vec4 0, 0, 1;
    %cmp/u;
    %jmp/1 T_0.2, 6;
    %dup/vec4;
    %pushi/vec4 1, 0, 1;
    %cmp/u;
    %jmp/1 T_0.3, 6;
    %pushi/vec4 0, 0, 1;
    %assign/vec4 v0x562d6fb66720_0, 0;
    %jmp T_0.5;
T_0.2 ;
    %pushi/vec4 1, 0, 1;
    %assign/vec4 v0x562d6fb667e0_0, 0;
    %load/vec4 v0x562d6fb66470_0;
    %flag_set/vec4 8;
    %jmp/0xz  T_0.6, 8;
    %pushi/vec4 1, 0, 1;
    %assign/vec4 v0x562d6fb66720_0, 0;
    %pushi/vec4 0, 0, 1;
    %load/vec4 v0x562d6fb66390_0;
    %concat/vec4; draw_concat_vec4
    %concati/vec4 1, 0, 1;
    %assign/vec4 v0x562d6fb66640_0, 0;
    %pushi/vec4 0, 0, 4;
    %assign/vec4 v0x562d6fb48ef0_0, 0;
    %pushi/vec4 0, 0, 14;
    %assign/vec4 v0x562d6fb662a0_0, 0;
    %jmp T_0.7;
T_0.6 ;
    %pushi/vec4 0, 0, 1;
    %assign/vec4 v0x562d6fb66720_0, 0;
T_0.7 ;
    %jmp T_0.5;
T_0.3 ;
    %load/vec4 v0x562d6fb662a0_0;
    %addi 1, 0, 14;
    %assign/vec4 v0x562d6fb662a0_0, 0;
    %load/vec4 v0x562d6fb662a0_0;
    %cmpi/u 10417, 0, 14;
    %flag_inv 5; GE is !LT
    %jmp/0xz  T_0.8, 5;
    %pushi/vec4 0, 0, 14;
    %assign/vec4 v0x562d6fb662a0_0, 0;
    %load/vec4 v0x562d6fb48ef0_0;
    %pad/u 32;
    %cmpi/u 10, 0, 32;
    %flag_inv 5; GE is !LT
    %jmp/0xz  T_0.10, 5;
    %pushi/vec4 0, 0, 1;
    %assign/vec4 v0x562d6fb66720_0, 0;
    %pushi/vec4 1, 0, 1;
    %assign/vec4 v0x562d6fb667e0_0, 0;
    %jmp T_0.11;
T_0.10 ;
    %load/vec4 v0x562d6fb66640_0;
    %parti/s 1, 0, 2;
    %assign/vec4 v0x562d6fb667e0_0, 0;
    %load/vec4 v0x562d6fb66640_0;
    %ix/load 4, 1, 0;
    %flag_set/imm 4, 0;
    %shiftr 4;
    %assign/vec4 v0x562d6fb66640_0, 0;
    %load/vec4 v0x562d6fb48ef0_0;
    %addi 1, 0, 4;
    %assign/vec4 v0x562d6fb48ef0_0, 0;
T_0.11 ;
    %jmp T_0.9;
T_0.8 ;
    %pushi/vec4 1, 0, 1;
    %assign/vec4 v0x562d6fb66720_0, 0;
T_0.9 ;
    %jmp T_0.5;
T_0.5 ;
    %pop/vec4 1;
T_0.1 ;
    %jmp T_0;
    .thread T_0;
    .scope S_0x562d6fb0f210;
T_1 ;
    %pushi/vec4 0, 0, 1;
    %store/vec4 v0x562d6fb66d70_0, 0, 1;
T_1.0 ;
    %delay 5000, 0;
    %load/vec4 v0x562d6fb66d70_0;
    %inv;
    %store/vec4 v0x562d6fb66d70_0, 0, 1;
    %jmp T_1.0;
    %end;
    .thread T_1;
    .scope S_0x562d6fb0f210;
T_2 ;
    %pushi/vec4 1, 0, 1;
    %store/vec4 v0x562d6fb67080_0, 0, 1;
    %delay 10000, 0;
    %pushi/vec4 0, 0, 1;
    %store/vec4 v0x562d6fb67080_0, 0, 1;
    %end;
    .thread T_2;
    .scope S_0x562d6fb0f210;
T_3 ;
    %vpi_call 2 140 "$dumpfile", "uart.vcd" {0 0 0};
    %vpi_call 2 141 "$dumpvars", 32'sb00000000000000000000000000000000, S_0x562d6fb0f210 {0 0 0};
    %pushi/vec4 0, 0, 1;
    %store/vec4 v0x562d6fb66f90_0, 0, 1;
    %pushi/vec4 165, 0, 8;
    %store/vec4 v0x562d6fb66e80_0, 0, 8;
    %delay 20000, 0;
    %pushi/vec4 1, 0, 1;
    %store/vec4 v0x562d6fb66f90_0, 0, 1;
    %delay 10000, 0;
    %pushi/vec4 0, 0, 1;
    %store/vec4 v0x562d6fb66f90_0, 0, 1;
    %delay 200000, 0;
    %vpi_call 2 153 "$finish" {0 0 0};
    %end;
    .thread T_3;
# The file index is used to find the file name in the following table.
:file_names 3;
    "N/A";
    "<interactive>";
    "UART.v";
